Compiling the C compiler identification source file "CMakeCCompilerId.c" failed.
Compiler: /Users/octavianpais/.platformio/packages/toolchain-gccarmnoneeabi/bin/arm-none-eabi-gcc 
Build flags: 
Id flags:  

The output was:
1
/Users/octavianpais/.platformio/packages/toolchain-gccarmnoneeabi/bin/../lib/gcc/arm-none-eabi/5.4.1/../../../../arm-none-eabi/bin/ld: cannot find crti.o: No such file or directory
/Users/octavianpais/.platformio/packages/toolchain-gccarmnoneeabi/bin/../lib/gcc/arm-none-eabi/5.4.1/../../../../arm-none-eabi/bin/ld: cannot find crtbegin.o: No such file or directory
/Users/octavianpais/.platformio/packages/toolchain-gccarmnoneeabi/bin/../lib/gcc/arm-none-eabi/5.4.1/../../../../arm-none-eabi/bin/ld: cannot find crt0.o: No such file or directory
/Users/octavianpais/.platformio/packages/toolchain-gccarmnoneeabi/bin/../lib/gcc/arm-none-eabi/5.4.1/../../../../arm-none-eabi/bin/ld: cannot find -lgcc
/Users/octavianpais/.platformio/packages/toolchain-gccarmnoneeabi/bin/../lib/gcc/arm-none-eabi/5.4.1/../../../../arm-none-eabi/bin/ld: cannot find -lc
collect2: error: ld returned 1 exit status


Compiling the CXX compiler identification source file "CMakeCXXCompilerId.cpp" failed.
Compiler: /Users/octavianpais/.platformio/packages/toolchain-gccarmnoneeabi/bin/arm-none-eabi-g++ 
Build flags: 
Id flags:  

The output was:
1
/Users/octavianpais/.platformio/packages/toolchain-gccarmnoneeabi/bin/../lib/gcc/arm-none-eabi/5.4.1/../../../../arm-none-eabi/bin/ld: cannot find crti.o: No such file or directory
/Users/octavianpais/.platformio/packages/toolchain-gccarmnoneeabi/bin/../lib/gcc/arm-none-eabi/5.4.1/../../../../arm-none-eabi/bin/ld: cannot find crtbegin.o: No such file or directory
/Users/octavianpais/.platformio/packages/toolchain-gccarmnoneeabi/bin/../lib/gcc/arm-none-eabi/5.4.1/../../../../arm-none-eabi/bin/ld: cannot find crt0.o: No such file or directory
/Users/octavianpais/.platformio/packages/toolchain-gccarmnoneeabi/bin/../lib/gcc/arm-none-eabi/5.4.1/../../../../arm-none-eabi/bin/ld: cannot find -lstdc++
/Users/octavianpais/.platformio/packages/toolchain-gccarmnoneeabi/bin/../lib/gcc/arm-none-eabi/5.4.1/../../../../arm-none-eabi/bin/ld: cannot find -lm
/Users/octavianpais/.platformio/packages/toolchain-gccarmnoneeabi/bin/../lib/gcc/arm-none-eabi/5.4.1/../../../../arm-none-eabi/bin/ld: cannot find -lgcc
/Users/octavianpais/.platformio/packages/toolchain-gccarmnoneeabi/bin/../lib/gcc/arm-none-eabi/5.4.1/../../../../arm-none-eabi/bin/ld: cannot find -lc
collect2: error: ld returned 1 exit status


Detecting C compiler ABI info failed to compile with the following output:
Change Dir: /Users/octavianpais/Documents/PlatformIO/Projects/MDrive-teensy/cmake-build-teensy41/CMakeFiles/CMakeTmp

Run Build Command(s):/usr/bin/make -f Makefile cmTC_e3081/fast && /Library/Developer/CommandLineTools/usr/bin/make  -f CMakeFiles/cmTC_e3081.dir/build.make CMakeFiles/cmTC_e3081.dir/build
Building C object CMakeFiles/cmTC_e3081.dir/CMakeCCompilerABI.c.obj
/Users/octavianpais/.platformio/packages/toolchain-gccarmnoneeabi/bin/arm-none-eabi-gcc   -v -o CMakeFiles/cmTC_e3081.dir/CMakeCCompilerABI.c.obj -c "/Users/octavianpais/Library/Application Support/JetBrains/Toolbox/apps/CLion/ch-0/222.3739.54/CLion.app/Contents/bin/cmake/mac/share/cmake-3.23/Modules/CMakeCCompilerABI.c"
Using built-in specs.
COLLECT_GCC=/Users/octavianpais/.platformio/packages/toolchain-gccarmnoneeabi/bin/arm-none-eabi-gcc
Target: arm-none-eabi
Configured with: /Users/build/workspace/GCC-5-build_build-toolchain-mac/gcc-arm-none-eabi-5_4-2016q3-20160926/src/gcc/configure --target=arm-none-eabi --prefix=/Users/build/workspace/GCC-5-build_build-toolchain-mac/gcc-arm-none-eabi-5_4-2016q3-20160926/install-native --libexecdir=/Users/build/workspace/GCC-5-build_build-toolchain-mac/gcc-arm-none-eabi-5_4-2016q3-20160926/install-native/lib --infodir=/Users/build/workspace/GCC-5-build_build-toolchain-mac/gcc-arm-none-eabi-5_4-2016q3-20160926/install-native/share/doc/gcc-arm-none-eabi/info --mandir=/Users/build/workspace/GCC-5-build_build-toolchain-mac/gcc-arm-none-eabi-5_4-2016q3-20160926/install-native/share/doc/gcc-arm-none-eabi/man --htmldir=/Users/build/workspace/GCC-5-build_build-toolchain-mac/gcc-arm-none-eabi-5_4-2016q3-20160926/install-native/share/doc/gcc-arm-none-eabi/html --pdfdir=/Users/build/workspace/GCC-5-build_build-toolchain-mac/gcc-arm-none-eabi-5_4-2016q3-20160926/install-native/share/doc/gcc-arm-none-eabi/pdf --enable-languages=c,c++ --enable-plugins --disable-decimal-float --disable-libffi --disable-libgomp --disable-libmudflap --disable-libquadmath --disable-libssp --disable-libstdcxx-pch --disable-nls --disable-shared --disable-threads --disable-tls --with-gnu-as --with-gnu-ld --with-newlib --with-headers=yes --with-python-dir=share/gcc-arm-none-eabi --with-sysroot=/Users/build/workspace/GCC-5-build_build-toolchain-mac/gcc-arm-none-eabi-5_4-2016q3-20160926/install-native/arm-none-eabi --build=x86_64-apple-darwin10 --host=x86_64-apple-darwin10 --with-gmp=/Users/build/workspace/GCC-5-build_build-toolchain-mac/gcc-arm-none-eabi-5_4-2016q3-20160926/build-native/host-libs/usr --with-mpfr=/Users/build/workspace/GCC-5-build_build-toolchain-mac/gcc-arm-none-eabi-5_4-2016q3-20160926/build-native/host-libs/usr --with-mpc=/Users/build/workspace/GCC-5-build_build-toolchain-mac/gcc-arm-none-eabi-5_4-2016q3-20160926/build-native/host-libs/usr --with-isl=/Users/build/workspace/GCC-5-build_build-toolchain-mac/gcc-arm-none-eabi-5_4-2016q3-20160926/build-native/host-libs/usr --with-cloog=/Users/build/workspace/GCC-5-build_build-toolchain-mac/gcc-arm-none-eabi-5_4-2016q3-20160926/build-native/host-libs/usr --with-libelf=/Users/build/workspace/GCC-5-build_build-toolchain-mac/gcc-arm-none-eabi-5_4-2016q3-20160926/build-native/host-libs/usr --with-host-libstdcxx='-static-libgcc -Wl,-lstdc++ -lm' --with-pkgversion='GNU Tools for ARM Embedded Processors' --with-multilib-list=armv6-m,armv7-m,armv7e-m,armv7-r,armv8-m.base,armv8-m.main
Thread model: single
gcc version 5.4.1 20160919 (release) [ARM/embedded-5-branch revision 240496] (GNU Tools for ARM Embedded Processors) 
COLLECT_GCC_OPTIONS='-v' '-o' 'CMakeFiles/cmTC_e3081.dir/CMakeCCompilerABI.c.obj' '-c'
 /Users/octavianpais/.platformio/packages/toolchain-gccarmnoneeabi/bin/../lib/gcc/arm-none-eabi/5.4.1/cc1 -quiet -v -iprefix /Users/octavianpais/.platformio/packages/toolchain-gccarmnoneeabi/bin/../lib/gcc/arm-none-eabi/5.4.1/ -isysroot /Users/octavianpais/.platformio/packages/toolchain-gccarmnoneeabi/bin/../arm-none-eabi -D__USES_INITFINI__ /Users/octavianpais/Library/Application Support/JetBrains/Toolbox/apps/CLion/ch-0/222.3739.54/CLion.app/Contents/bin/cmake/mac/share/cmake-3.23/Modules/CMakeCCompilerABI.c -quiet -dumpbase CMakeCCompilerABI.c -auxbase-strip CMakeFiles/cmTC_e3081.dir/CMakeCCompilerABI.c.obj -version -o /var/folders/3x/v4vbj1z943547tpprz7mrc7c0000gn/T//ccfpCQ1k.s
GNU C11 (GNU Tools for ARM Embedded Processors) version 5.4.1 20160919 (release) [ARM/embedded-5-branch revision 240496] (arm-none-eabi)
	compiled by GNU C version 4.2.1 (Based on Apple Inc. build 5658) (LLVM build 2336.9.00), GMP version 4.3.2, MPFR version 2.4.2, MPC version 0.8.1
GGC heuristics: --param ggc-min-expand=100 --param ggc-min-heapsize=131072
ignoring duplicate directory "/Users/octavianpais/.platformio/packages/toolchain-gccarmnoneeabi/bin/../lib/gcc/../../lib/gcc/arm-none-eabi/5.4.1/include"
ignoring nonexistent directory "/Users/octavianpais/.platformio/packages/toolchain-gccarmnoneeabi/bin/../arm-none-eabi/usr/local/include"
ignoring duplicate directory "/Users/octavianpais/.platformio/packages/toolchain-gccarmnoneeabi/bin/../lib/gcc/../../lib/gcc/arm-none-eabi/5.4.1/include-fixed"
ignoring duplicate directory "/Users/octavianpais/.platformio/packages/toolchain-gccarmnoneeabi/bin/../lib/gcc/../../lib/gcc/arm-none-eabi/5.4.1/../../../../arm-none-eabi/include"
ignoring nonexistent directory "/Users/octavianpais/.platformio/packages/toolchain-gccarmnoneeabi/bin/../arm-none-eabi/usr/include"
#include "..." search starts here:
#include <...> search starts here:
 /Users/octavianpais/.platformio/packages/toolchain-gccarmnoneeabi/bin/../lib/gcc/arm-none-eabi/5.4.1/include
 /Users/octavianpais/.platformio/packages/toolchain-gccarmnoneeabi/bin/../lib/gcc/arm-none-eabi/5.4.1/include-fixed
 /Users/octavianpais/.platformio/packages/toolchain-gccarmnoneeabi/bin/../lib/gcc/arm-none-eabi/5.4.1/../../../../arm-none-eabi/include
End of search list.
GNU C11 (GNU Tools for ARM Embedded Processors) version 5.4.1 20160919 (release) [ARM/embedded-5-branch revision 240496] (arm-none-eabi)
	compiled by GNU C version 4.2.1 (Based on Apple Inc. build 5658) (LLVM build 2336.9.00), GMP version 4.3.2, MPFR version 2.4.2, MPC version 0.8.1
GGC heuristics: --param ggc-min-expand=100 --param ggc-min-heapsize=131072
Compiler executable checksum: 8f50f338e802dca2f5500cdbc1dec3fe
COLLECT_GCC_OPTIONS='-v' '-o' 'CMakeFiles/cmTC_e3081.dir/CMakeCCompilerABI.c.obj' '-c'
 /Users/octavianpais/.platformio/packages/toolchain-gccarmnoneeabi/bin/../lib/gcc/arm-none-eabi/5.4.1/../../../../arm-none-eabi/bin/as -v -meabi=5 -o CMakeFiles/cmTC_e3081.dir/CMakeCCompilerABI.c.obj /var/folders/3x/v4vbj1z943547tpprz7mrc7c0000gn/T//ccfpCQ1k.s
GNU assembler version 2.26.2 (arm-none-eabi) using BFD version (GNU Tools for ARM Embedded Processors) 2.26.2.20160923
COMPILER_PATH=/Users/octavianpais/.platformio/packages/toolchain-gccarmnoneeabi/bin/../lib/gcc/arm-none-eabi/5.4.1/:/Users/octavianpais/.platformio/packages/toolchain-gccarmnoneeabi/bin/../lib/gcc/:/Users/octavianpais/.platformio/packages/toolchain-gccarmnoneeabi/bin/../lib/gcc/arm-none-eabi/5.4.1/../../../../arm-none-eabi/bin/
LIBRARY_PATH=/Users/octavianpais/.platformio/packages/toolchain-gccarmnoneeabi/bin/../lib/gcc/arm-none-eabi/5.4.1/:/Users/octavianpais/.platformio/packages/toolchain-gccarmnoneeabi/bin/../lib/gcc/:/Users/octavianpais/.platformio/packages/toolchain-gccarmnoneeabi/bin/../lib/gcc/arm-none-eabi/5.4.1/../../../../arm-none-eabi/lib/:/Users/octavianpais/.platformio/packages/toolchain-gccarmnoneeabi/bin/../arm-none-eabi/lib/
COLLECT_GCC_OPTIONS='-v' '-o' 'CMakeFiles/cmTC_e3081.dir/CMakeCCompilerABI.c.obj' '-c'
Linking C executable cmTC_e3081
"/Users/octavianpais/Library/Application Support/JetBrains/Toolbox/apps/CLion/ch-0/222.3739.54/CLion.app/Contents/bin/cmake/mac/bin/cmake" -E cmake_link_script CMakeFiles/cmTC_e3081.dir/link.txt --verbose=1
/Users/octavianpais/.platformio/packages/toolchain-gccarmnoneeabi/bin/arm-none-eabi-gcc  -v CMakeFiles/cmTC_e3081.dir/CMakeCCompilerABI.c.obj -o cmTC_e3081 
Using built-in specs.
COLLECT_GCC=/Users/octavianpais/.platformio/packages/toolchain-gccarmnoneeabi/bin/arm-none-eabi-gcc
COLLECT_LTO_WRAPPER=/Users/octavianpais/.platformio/packages/toolchain-gccarmnoneeabi/bin/../lib/gcc/arm-none-eabi/5.4.1/lto-wrapper
Target: arm-none-eabi
Configured with: /Users/build/workspace/GCC-5-build_build-toolchain-mac/gcc-arm-none-eabi-5_4-2016q3-20160926/src/gcc/configure --target=arm-none-eabi --prefix=/Users/build/workspace/GCC-5-build_build-toolchain-mac/gcc-arm-none-eabi-5_4-2016q3-20160926/install-native --libexecdir=/Users/build/workspace/GCC-5-build_build-toolchain-mac/gcc-arm-none-eabi-5_4-2016q3-20160926/install-native/lib --infodir=/Users/build/workspace/GCC-5-build_build-toolchain-mac/gcc-arm-none-eabi-5_4-2016q3-20160926/install-native/share/doc/gcc-arm-none-eabi/info --mandir=/Users/build/workspace/GCC-5-build_build-toolchain-mac/gcc-arm-none-eabi-5_4-2016q3-20160926/install-native/share/doc/gcc-arm-none-eabi/man --htmldir=/Users/build/workspace/GCC-5-build_build-toolchain-mac/gcc-arm-none-eabi-5_4-2016q3-20160926/install-native/share/doc/gcc-arm-none-eabi/html --pdfdir=/Users/build/workspace/GCC-5-build_build-toolchain-mac/gcc-arm-none-eabi-5_4-2016q3-20160926/install-native/share/doc/gcc-arm-none-eabi/pdf --enable-languages=c,c++ --enable-plugins --disable-decimal-float --disable-libffi --disable-libgomp --disable-libmudflap --disable-libquadmath --disable-libssp --disable-libstdcxx-pch --disable-nls --disable-shared --disable-threads --disable-tls --with-gnu-as --with-gnu-ld --with-newlib --with-headers=yes --with-python-dir=share/gcc-arm-none-eabi --with-sysroot=/Users/build/workspace/GCC-5-build_build-toolchain-mac/gcc-arm-none-eabi-5_4-2016q3-20160926/install-native/arm-none-eabi --build=x86_64-apple-darwin10 --host=x86_64-apple-darwin10 --with-gmp=/Users/build/workspace/GCC-5-build_build-toolchain-mac/gcc-arm-none-eabi-5_4-2016q3-20160926/build-native/host-libs/usr --with-mpfr=/Users/build/workspace/GCC-5-build_build-toolchain-mac/gcc-arm-none-eabi-5_4-2016q3-20160926/build-native/host-libs/usr --with-mpc=/Users/build/workspace/GCC-5-build_build-toolchain-mac/gcc-arm-none-eabi-5_4-2016q3-20160926/build-native/host-libs/usr --with-isl=/Users/build/workspace/GCC-5-build_build-toolchain-mac/gcc-arm-none-eabi-5_4-2016q3-20160926/build-native/host-libs/usr --with-cloog=/Users/build/workspace/GCC-5-build_build-toolchain-mac/gcc-arm-none-eabi-5_4-2016q3-20160926/build-native/host-libs/usr --with-libelf=/Users/build/workspace/GCC-5-build_build-toolchain-mac/gcc-arm-none-eabi-5_4-2016q3-20160926/build-native/host-libs/usr --with-host-libstdcxx='-static-libgcc -Wl,-lstdc++ -lm' --with-pkgversion='GNU Tools for ARM Embedded Processors' --with-multilib-list=armv6-m,armv7-m,armv7e-m,armv7-r,armv8-m.base,armv8-m.main
Thread model: single
gcc version 5.4.1 20160919 (release) [ARM/embedded-5-branch revision 240496] (GNU Tools for ARM Embedded Processors) 
COMPILER_PATH=/Users/octavianpais/.platformio/packages/toolchain-gccarmnoneeabi/bin/../lib/gcc/arm-none-eabi/5.4.1/:/Users/octavianpais/.platformio/packages/toolchain-gccarmnoneeabi/bin/../lib/gcc/:/Users/octavianpais/.platformio/packages/toolchain-gccarmnoneeabi/bin/../lib/gcc/arm-none-eabi/5.4.1/../../../../arm-none-eabi/bin/
LIBRARY_PATH=/Users/octavianpais/.platformio/packages/toolchain-gccarmnoneeabi/bin/../lib/gcc/arm-none-eabi/5.4.1/:/Users/octavianpais/.platformio/packages/toolchain-gccarmnoneeabi/bin/../lib/gcc/:/Users/octavianpais/.platformio/packages/toolchain-gccarmnoneeabi/bin/../lib/gcc/arm-none-eabi/5.4.1/../../../../arm-none-eabi/lib/:/Users/octavianpais/.platformio/packages/toolchain-gccarmnoneeabi/bin/../arm-none-eabi/lib/
COLLECT_GCC_OPTIONS='-v' '-o' 'cmTC_e3081'
 /Users/octavianpais/.platformio/packages/toolchain-gccarmnoneeabi/bin/../lib/gcc/arm-none-eabi/5.4.1/collect2 -plugin /Users/octavianpais/.platformio/packages/toolchain-gccarmnoneeabi/bin/../lib/gcc/arm-none-eabi/5.4.1/liblto_plugin.so -plugin-opt=/Users/octavianpais/.platformio/packages/toolchain-gccarmnoneeabi/bin/../lib/gcc/arm-none-eabi/5.4.1/lto-wrapper -plugin-opt=-fresolution=/var/folders/3x/v4vbj1z943547tpprz7mrc7c0000gn/T//ccRbWdaZ.res -plugin-opt=-pass-through=-lgcc -plugin-opt=-pass-through=-lc --sysroot=/Users/octavianpais/.platformio/packages/toolchain-gccarmnoneeabi/bin/../arm-none-eabi -X -o cmTC_e3081 crti.o crtbegin.o crt0.o -L/Users/octavianpais/.platformio/packages/toolchain-gccarmnoneeabi/bin/../lib/gcc/arm-none-eabi/5.4.1 -L/Users/octavianpais/.platformio/packages/toolchain-gccarmnoneeabi/bin/../lib/gcc -L/Users/octavianpais/.platformio/packages/toolchain-gccarmnoneeabi/bin/../lib/gcc/arm-none-eabi/5.4.1/../../../../arm-none-eabi/lib -L/Users/octavianpais/.platformio/packages/toolchain-gccarmnoneeabi/bin/../arm-none-eabi/lib CMakeFiles/cmTC_e3081.dir/CMakeCCompilerABI.c.obj --start-group -lgcc -lc --end-group crtend.o crtn.o
/Users/octavianpais/.platformio/packages/toolchain-gccarmnoneeabi/bin/../lib/gcc/arm-none-eabi/5.4.1/../../../../arm-none-eabi/bin/ld: cannot find crti.o: No such file or directory
/Users/octavianpais/.platformio/packages/toolchain-gccarmnoneeabi/bin/../lib/gcc/arm-none-eabi/5.4.1/../../../../arm-none-eabi/bin/ld: cannot find crtbegin.o: No such file or directory
/Users/octavianpais/.platformio/packages/toolchain-gccarmnoneeabi/bin/../lib/gcc/arm-none-eabi/5.4.1/../../../../arm-none-eabi/bin/ld: cannot find crt0.o: No such file or directory
/Users/octavianpais/.platformio/packages/toolchain-gccarmnoneeabi/bin/../lib/gcc/arm-none-eabi/5.4.1/../../../../arm-none-eabi/bin/ld: cannot find -lgcc
/Users/octavianpais/.platformio/packages/toolchain-gccarmnoneeabi/bin/../lib/gcc/arm-none-eabi/5.4.1/../../../../arm-none-eabi/bin/ld: cannot find -lc
collect2: error: ld returned 1 exit status
make[1]: *** [cmTC_e3081] Error 1
make: *** [cmTC_e3081/fast] Error 2




Detecting CXX compiler ABI info failed to compile with the following output:
Change Dir: /Users/octavianpais/Documents/PlatformIO/Projects/MDrive-teensy/cmake-build-teensy41/CMakeFiles/CMakeTmp

Run Build Command(s):/usr/bin/make -f Makefile cmTC_62983/fast && /Library/Developer/CommandLineTools/usr/bin/make  -f CMakeFiles/cmTC_62983.dir/build.make CMakeFiles/cmTC_62983.dir/build
Building CXX object CMakeFiles/cmTC_62983.dir/CMakeCXXCompilerABI.cpp.obj
/Users/octavianpais/.platformio/packages/toolchain-gccarmnoneeabi/bin/arm-none-eabi-g++   -v -o CMakeFiles/cmTC_62983.dir/CMakeCXXCompilerABI.cpp.obj -c "/Users/octavianpais/Library/Application Support/JetBrains/Toolbox/apps/CLion/ch-0/222.3739.54/CLion.app/Contents/bin/cmake/mac/share/cmake-3.23/Modules/CMakeCXXCompilerABI.cpp"
Using built-in specs.
COLLECT_GCC=/Users/octavianpais/.platformio/packages/toolchain-gccarmnoneeabi/bin/arm-none-eabi-g++
Target: arm-none-eabi
Configured with: /Users/build/workspace/GCC-5-build_build-toolchain-mac/gcc-arm-none-eabi-5_4-2016q3-20160926/src/gcc/configure --target=arm-none-eabi --prefix=/Users/build/workspace/GCC-5-build_build-toolchain-mac/gcc-arm-none-eabi-5_4-2016q3-20160926/install-native --libexecdir=/Users/build/workspace/GCC-5-build_build-toolchain-mac/gcc-arm-none-eabi-5_4-2016q3-20160926/install-native/lib --infodir=/Users/build/workspace/GCC-5-build_build-toolchain-mac/gcc-arm-none-eabi-5_4-2016q3-20160926/install-native/share/doc/gcc-arm-none-eabi/info --mandir=/Users/build/workspace/GCC-5-build_build-toolchain-mac/gcc-arm-none-eabi-5_4-2016q3-20160926/install-native/share/doc/gcc-arm-none-eabi/man --htmldir=/Users/build/workspace/GCC-5-build_build-toolchain-mac/gcc-arm-none-eabi-5_4-2016q3-20160926/install-native/share/doc/gcc-arm-none-eabi/html --pdfdir=/Users/build/workspace/GCC-5-build_build-toolchain-mac/gcc-arm-none-eabi-5_4-2016q3-20160926/install-native/share/doc/gcc-arm-none-eabi/pdf --enable-languages=c,c++ --enable-plugins --disable-decimal-float --disable-libffi --disable-libgomp --disable-libmudflap --disable-libquadmath --disable-libssp --disable-libstdcxx-pch --disable-nls --disable-shared --disable-threads --disable-tls --with-gnu-as --with-gnu-ld --with-newlib --with-headers=yes --with-python-dir=share/gcc-arm-none-eabi --with-sysroot=/Users/build/workspace/GCC-5-build_build-toolchain-mac/gcc-arm-none-eabi-5_4-2016q3-20160926/install-native/arm-none-eabi --build=x86_64-apple-darwin10 --host=x86_64-apple-darwin10 --with-gmp=/Users/build/workspace/GCC-5-build_build-toolchain-mac/gcc-arm-none-eabi-5_4-2016q3-20160926/build-native/host-libs/usr --with-mpfr=/Users/build/workspace/GCC-5-build_build-toolchain-mac/gcc-arm-none-eabi-5_4-2016q3-20160926/build-native/host-libs/usr --with-mpc=/Users/build/workspace/GCC-5-build_build-toolchain-mac/gcc-arm-none-eabi-5_4-2016q3-20160926/build-native/host-libs/usr --with-isl=/Users/build/workspace/GCC-5-build_build-toolchain-mac/gcc-arm-none-eabi-5_4-2016q3-20160926/build-native/host-libs/usr --with-cloog=/Users/build/workspace/GCC-5-build_build-toolchain-mac/gcc-arm-none-eabi-5_4-2016q3-20160926/build-native/host-libs/usr --with-libelf=/Users/build/workspace/GCC-5-build_build-toolchain-mac/gcc-arm-none-eabi-5_4-2016q3-20160926/build-native/host-libs/usr --with-host-libstdcxx='-static-libgcc -Wl,-lstdc++ -lm' --with-pkgversion='GNU Tools for ARM Embedded Processors' --with-multilib-list=armv6-m,armv7-m,armv7e-m,armv7-r,armv8-m.base,armv8-m.main
Thread model: single
gcc version 5.4.1 20160919 (release) [ARM/embedded-5-branch revision 240496] (GNU Tools for ARM Embedded Processors) 
COLLECT_GCC_OPTIONS='-v' '-o' 'CMakeFiles/cmTC_62983.dir/CMakeCXXCompilerABI.cpp.obj' '-c'
 /Users/octavianpais/.platformio/packages/toolchain-gccarmnoneeabi/bin/../lib/gcc/arm-none-eabi/5.4.1/cc1plus -quiet -v -iprefix /Users/octavianpais/.platformio/packages/toolchain-gccarmnoneeabi/bin/../lib/gcc/arm-none-eabi/5.4.1/ -isysroot /Users/octavianpais/.platformio/packages/toolchain-gccarmnoneeabi/bin/../arm-none-eabi -D__USES_INITFINI__ /Users/octavianpais/Library/Application Support/JetBrains/Toolbox/apps/CLion/ch-0/222.3739.54/CLion.app/Contents/bin/cmake/mac/share/cmake-3.23/Modules/CMakeCXXCompilerABI.cpp -quiet -dumpbase CMakeCXXCompilerABI.cpp -auxbase-strip CMakeFiles/cmTC_62983.dir/CMakeCXXCompilerABI.cpp.obj -version -o /var/folders/3x/v4vbj1z943547tpprz7mrc7c0000gn/T//ccvLfdC6.s
GNU C++ (GNU Tools for ARM Embedded Processors) version 5.4.1 20160919 (release) [ARM/embedded-5-branch revision 240496] (arm-none-eabi)
	compiled by GNU C version 4.2.1 (Based on Apple Inc. build 5658) (LLVM build 2336.9.00), GMP version 4.3.2, MPFR version 2.4.2, MPC version 0.8.1
GGC heuristics: --param ggc-min-expand=100 --param ggc-min-heapsize=131072
ignoring duplicate directory "/Users/octavianpais/.platformio/packages/toolchain-gccarmnoneeabi/bin/../lib/gcc/../../lib/gcc/arm-none-eabi/5.4.1/../../../../arm-none-eabi/include/c++/5.4.1"
ignoring duplicate directory "/Users/octavianpais/.platformio/packages/toolchain-gccarmnoneeabi/bin/../lib/gcc/../../lib/gcc/arm-none-eabi/5.4.1/../../../../arm-none-eabi/include/c++/5.4.1/arm-none-eabi"
ignoring duplicate directory "/Users/octavianpais/.platformio/packages/toolchain-gccarmnoneeabi/bin/../lib/gcc/../../lib/gcc/arm-none-eabi/5.4.1/../../../../arm-none-eabi/include/c++/5.4.1/backward"
ignoring duplicate directory "/Users/octavianpais/.platformio/packages/toolchain-gccarmnoneeabi/bin/../lib/gcc/../../lib/gcc/arm-none-eabi/5.4.1/include"
ignoring nonexistent directory "/Users/octavianpais/.platformio/packages/toolchain-gccarmnoneeabi/bin/../arm-none-eabi/usr/local/include"
ignoring duplicate directory "/Users/octavianpais/.platformio/packages/toolchain-gccarmnoneeabi/bin/../lib/gcc/../../lib/gcc/arm-none-eabi/5.4.1/include-fixed"
ignoring duplicate directory "/Users/octavianpais/.platformio/packages/toolchain-gccarmnoneeabi/bin/../lib/gcc/../../lib/gcc/arm-none-eabi/5.4.1/../../../../arm-none-eabi/include"
ignoring nonexistent directory "/Users/octavianpais/.platformio/packages/toolchain-gccarmnoneeabi/bin/../arm-none-eabi/usr/include"
#include "..." search starts here:
#include <...> search starts here:
 /Users/octavianpais/.platformio/packages/toolchain-gccarmnoneeabi/bin/../lib/gcc/arm-none-eabi/5.4.1/../../../../arm-none-eabi/include/c++/5.4.1
 /Users/octavianpais/.platformio/packages/toolchain-gccarmnoneeabi/bin/../lib/gcc/arm-none-eabi/5.4.1/../../../../arm-none-eabi/include/c++/5.4.1/arm-none-eabi
 /Users/octavianpais/.platformio/packages/toolchain-gccarmnoneeabi/bin/../lib/gcc/arm-none-eabi/5.4.1/../../../../arm-none-eabi/include/c++/5.4.1/backward
 /Users/octavianpais/.platformio/packages/toolchain-gccarmnoneeabi/bin/../lib/gcc/arm-none-eabi/5.4.1/include
 /Users/octavianpais/.platformio/packages/toolchain-gccarmnoneeabi/bin/../lib/gcc/arm-none-eabi/5.4.1/include-fixed
 /Users/octavianpais/.platformio/packages/toolchain-gccarmnoneeabi/bin/../lib/gcc/arm-none-eabi/5.4.1/../../../../arm-none-eabi/include
End of search list.
GNU C++ (GNU Tools for ARM Embedded Processors) version 5.4.1 20160919 (release) [ARM/embedded-5-branch revision 240496] (arm-none-eabi)
	compiled by GNU C version 4.2.1 (Based on Apple Inc. build 5658) (LLVM build 2336.9.00), GMP version 4.3.2, MPFR version 2.4.2, MPC version 0.8.1
GGC heuristics: --param ggc-min-expand=100 --param ggc-min-heapsize=131072
Compiler executable checksum: 76fd8cf3e92c91cdbf74e79d0688ed8b
COLLECT_GCC_OPTIONS='-v' '-o' 'CMakeFiles/cmTC_62983.dir/CMakeCXXCompilerABI.cpp.obj' '-c'
 /Users/octavianpais/.platformio/packages/toolchain-gccarmnoneeabi/bin/../lib/gcc/arm-none-eabi/5.4.1/../../../../arm-none-eabi/bin/as -v -meabi=5 -o CMakeFiles/cmTC_62983.dir/CMakeCXXCompilerABI.cpp.obj /var/folders/3x/v4vbj1z943547tpprz7mrc7c0000gn/T//ccvLfdC6.s
GNU assembler version 2.26.2 (arm-none-eabi) using BFD version (GNU Tools for ARM Embedded Processors) 2.26.2.20160923
COMPILER_PATH=/Users/octavianpais/.platformio/packages/toolchain-gccarmnoneeabi/bin/../lib/gcc/arm-none-eabi/5.4.1/:/Users/octavianpais/.platformio/packages/toolchain-gccarmnoneeabi/bin/../lib/gcc/:/Users/octavianpais/.platformio/packages/toolchain-gccarmnoneeabi/bin/../lib/gcc/arm-none-eabi/5.4.1/../../../../arm-none-eabi/bin/
LIBRARY_PATH=/Users/octavianpais/.platformio/packages/toolchain-gccarmnoneeabi/bin/../lib/gcc/arm-none-eabi/5.4.1/:/Users/octavianpais/.platformio/packages/toolchain-gccarmnoneeabi/bin/../lib/gcc/:/Users/octavianpais/.platformio/packages/toolchain-gccarmnoneeabi/bin/../lib/gcc/arm-none-eabi/5.4.1/../../../../arm-none-eabi/lib/:/Users/octavianpais/.platformio/packages/toolchain-gccarmnoneeabi/bin/../arm-none-eabi/lib/
COLLECT_GCC_OPTIONS='-v' '-o' 'CMakeFiles/cmTC_62983.dir/CMakeCXXCompilerABI.cpp.obj' '-c'
Linking CXX executable cmTC_62983
"/Users/octavianpais/Library/Application Support/JetBrains/Toolbox/apps/CLion/ch-0/222.3739.54/CLion.app/Contents/bin/cmake/mac/bin/cmake" -E cmake_link_script CMakeFiles/cmTC_62983.dir/link.txt --verbose=1
/Users/octavianpais/.platformio/packages/toolchain-gccarmnoneeabi/bin/arm-none-eabi-g++  -v CMakeFiles/cmTC_62983.dir/CMakeCXXCompilerABI.cpp.obj -o cmTC_62983 
Using built-in specs.
COLLECT_GCC=/Users/octavianpais/.platformio/packages/toolchain-gccarmnoneeabi/bin/arm-none-eabi-g++
COLLECT_LTO_WRAPPER=/Users/octavianpais/.platformio/packages/toolchain-gccarmnoneeabi/bin/../lib/gcc/arm-none-eabi/5.4.1/lto-wrapper
Target: arm-none-eabi
Configured with: /Users/build/workspace/GCC-5-build_build-toolchain-mac/gcc-arm-none-eabi-5_4-2016q3-20160926/src/gcc/configure --target=arm-none-eabi --prefix=/Users/build/workspace/GCC-5-build_build-toolchain-mac/gcc-arm-none-eabi-5_4-2016q3-20160926/install-native --libexecdir=/Users/build/workspace/GCC-5-build_build-toolchain-mac/gcc-arm-none-eabi-5_4-2016q3-20160926/install-native/lib --infodir=/Users/build/workspace/GCC-5-build_build-toolchain-mac/gcc-arm-none-eabi-5_4-2016q3-20160926/install-native/share/doc/gcc-arm-none-eabi/info --mandir=/Users/build/workspace/GCC-5-build_build-toolchain-mac/gcc-arm-none-eabi-5_4-2016q3-20160926/install-native/share/doc/gcc-arm-none-eabi/man --htmldir=/Users/build/workspace/GCC-5-build_build-toolchain-mac/gcc-arm-none-eabi-5_4-2016q3-20160926/install-native/share/doc/gcc-arm-none-eabi/html --pdfdir=/Users/build/workspace/GCC-5-build_build-toolchain-mac/gcc-arm-none-eabi-5_4-2016q3-20160926/install-native/share/doc/gcc-arm-none-eabi/pdf --enable-languages=c,c++ --enable-plugins --disable-decimal-float --disable-libffi --disable-libgomp --disable-libmudflap --disable-libquadmath --disable-libssp --disable-libstdcxx-pch --disable-nls --disable-shared --disable-threads --disable-tls --with-gnu-as --with-gnu-ld --with-newlib --with-headers=yes --with-python-dir=share/gcc-arm-none-eabi --with-sysroot=/Users/build/workspace/GCC-5-build_build-toolchain-mac/gcc-arm-none-eabi-5_4-2016q3-20160926/install-native/arm-none-eabi --build=x86_64-apple-darwin10 --host=x86_64-apple-darwin10 --with-gmp=/Users/build/workspace/GCC-5-build_build-toolchain-mac/gcc-arm-none-eabi-5_4-2016q3-20160926/build-native/host-libs/usr --with-mpfr=/Users/build/workspace/GCC-5-build_build-toolchain-mac/gcc-arm-none-eabi-5_4-2016q3-20160926/build-native/host-libs/usr --with-mpc=/Users/build/workspace/GCC-5-build_build-toolchain-mac/gcc-arm-none-eabi-5_4-2016q3-20160926/build-native/host-libs/usr --with-isl=/Users/build/workspace/GCC-5-build_build-toolchain-mac/gcc-arm-none-eabi-5_4-2016q3-20160926/build-native/host-libs/usr --with-cloog=/Users/build/workspace/GCC-5-build_build-toolchain-mac/gcc-arm-none-eabi-5_4-2016q3-20160926/build-native/host-libs/usr --with-libelf=/Users/build/workspace/GCC-5-build_build-toolchain-mac/gcc-arm-none-eabi-5_4-2016q3-20160926/build-native/host-libs/usr --with-host-libstdcxx='-static-libgcc -Wl,-lstdc++ -lm' --with-pkgversion='GNU Tools for ARM Embedded Processors' --with-multilib-list=armv6-m,armv7-m,armv7e-m,armv7-r,armv8-m.base,armv8-m.main
Thread model: single
gcc version 5.4.1 20160919 (release) [ARM/embedded-5-branch revision 240496] (GNU Tools for ARM Embedded Processors) 
COMPILER_PATH=/Users/octavianpais/.platformio/packages/toolchain-gccarmnoneeabi/bin/../lib/gcc/arm-none-eabi/5.4.1/:/Users/octavianpais/.platformio/packages/toolchain-gccarmnoneeabi/bin/../lib/gcc/:/Users/octavianpais/.platformio/packages/toolchain-gccarmnoneeabi/bin/../lib/gcc/arm-none-eabi/5.4.1/../../../../arm-none-eabi/bin/
LIBRARY_PATH=/Users/octavianpais/.platformio/packages/toolchain-gccarmnoneeabi/bin/../lib/gcc/arm-none-eabi/5.4.1/:/Users/octavianpais/.platformio/packages/toolchain-gccarmnoneeabi/bin/../lib/gcc/:/Users/octavianpais/.platformio/packages/toolchain-gccarmnoneeabi/bin/../lib/gcc/arm-none-eabi/5.4.1/../../../../arm-none-eabi/lib/:/Users/octavianpais/.platformio/packages/toolchain-gccarmnoneeabi/bin/../arm-none-eabi/lib/
COLLECT_GCC_OPTIONS='-v' '-o' 'cmTC_62983'
 /Users/octavianpais/.platformio/packages/toolchain-gccarmnoneeabi/bin/../lib/gcc/arm-none-eabi/5.4.1/collect2 -plugin /Users/octavianpais/.platformio/packages/toolchain-gccarmnoneeabi/bin/../lib/gcc/arm-none-eabi/5.4.1/liblto_plugin.so -plugin-opt=/Users/octavianpais/.platformio/packages/toolchain-gccarmnoneeabi/bin/../lib/gcc/arm-none-eabi/5.4.1/lto-wrapper -plugin-opt=-fresolution=/var/folders/3x/v4vbj1z943547tpprz7mrc7c0000gn/T//cckzGD8O.res -plugin-opt=-pass-through=-lgcc -plugin-opt=-pass-through=-lc --sysroot=/Users/octavianpais/.platformio/packages/toolchain-gccarmnoneeabi/bin/../arm-none-eabi -X -o cmTC_62983 crti.o crtbegin.o crt0.o -L/Users/octavianpais/.platformio/packages/toolchain-gccarmnoneeabi/bin/../lib/gcc/arm-none-eabi/5.4.1 -L/Users/octavianpais/.platformio/packages/toolchain-gccarmnoneeabi/bin/../lib/gcc -L/Users/octavianpais/.platformio/packages/toolchain-gccarmnoneeabi/bin/../lib/gcc/arm-none-eabi/5.4.1/../../../../arm-none-eabi/lib -L/Users/octavianpais/.platformio/packages/toolchain-gccarmnoneeabi/bin/../arm-none-eabi/lib CMakeFiles/cmTC_62983.dir/CMakeCXXCompilerABI.cpp.obj -lstdc++ -lm --start-group -lgcc -lc --end-group crtend.o crtn.o
/Users/octavianpais/.platformio/packages/toolchain-gccarmnoneeabi/bin/../lib/gcc/arm-none-eabi/5.4.1/../../../../arm-none-eabi/bin/ld: cannot find crti.o: No such file or directory
/Users/octavianpais/.platformio/packages/toolchain-gccarmnoneeabi/bin/../lib/gcc/arm-none-eabi/5.4.1/../../../../arm-none-eabi/bin/ld: cannot find crtbegin.o: No such file or directory
/Users/octavianpais/.platformio/packages/toolchain-gccarmnoneeabi/bin/../lib/gcc/arm-none-eabi/5.4.1/../../../../arm-none-eabi/bin/ld: cannot find crt0.o: No such file or directory
/Users/octavianpais/.platformio/packages/toolchain-gccarmnoneeabi/bin/../lib/gcc/arm-none-eabi/5.4.1/../../../../arm-none-eabi/bin/ld: cannot find -lstdc++
/Users/octavianpais/.platformio/packages/toolchain-gccarmnoneeabi/bin/../lib/gcc/arm-none-eabi/5.4.1/../../../../arm-none-eabi/bin/ld: cannot find -lm
/Users/octavianpais/.platformio/packages/toolchain-gccarmnoneeabi/bin/../lib/gcc/arm-none-eabi/5.4.1/../../../../arm-none-eabi/bin/ld: cannot find -lgcc
/Users/octavianpais/.platformio/packages/toolchain-gccarmnoneeabi/bin/../lib/gcc/arm-none-eabi/5.4.1/../../../../arm-none-eabi/bin/ld: cannot find -lc
collect2: error: ld returned 1 exit status
make[1]: *** [cmTC_62983] Error 1
make: *** [cmTC_62983/fast] Error 2




